Determining if the pthread_create exist failed with the following output:
Change Dir: /home/danilov/Code/C++/mergesort-opengl/cmake-build-debug/CMakeFiles/CMakeTmp

Run Build Command:"/usr/bin/make" "cmTC_eab80/fast"
/usr/bin/make -f CMakeFiles/cmTC_eab80.dir/build.make CMakeFiles/cmTC_eab80.dir/build
make[1]: Entering directory '/home/danilov/Code/C++/mergesort-opengl/cmake-build-debug/CMakeFiles/CMakeTmp'
Building C object CMakeFiles/cmTC_eab80.dir/CheckSymbolExists.c.o
/usr/bin/cc     -o CMakeFiles/cmTC_eab80.dir/CheckSymbolExists.c.o   -c /home/danilov/Code/C++/mergesort-opengl/cmake-build-debug/CMakeFiles/CMakeTmp/CheckSymbolExists.c
Linking C executable cmTC_eab80
/opt/clion/bin/cmake/bin/cmake -E cmake_link_script CMakeFiles/cmTC_eab80.dir/link.txt --verbose=1
/usr/bin/cc       CMakeFiles/cmTC_eab80.dir/CheckSymbolExists.c.o  -o cmTC_eab80 
CMakeFiles/cmTC_eab80.dir/CheckSymbolExists.c.o: In function `main':
CheckSymbolExists.c:(.text+0x16): undefined reference to `pthread_create'
collect2: error: ld returned 1 exit status
CMakeFiles/cmTC_eab80.dir/build.make:97: recipe for target 'cmTC_eab80' failed
make[1]: *** [cmTC_eab80] Error 1
make[1]: Leaving directory '/home/danilov/Code/C++/mergesort-opengl/cmake-build-debug/CMakeFiles/CMakeTmp'
Makefile:126: recipe for target 'cmTC_eab80/fast' failed
make: *** [cmTC_eab80/fast] Error 2

File /home/danilov/Code/C++/mergesort-opengl/cmake-build-debug/CMakeFiles/CMakeTmp/CheckSymbolExists.c:
/* */
#include <pthread.h>

int main(int argc, char** argv)
{
  (void)argv;
#ifndef pthread_create
  return ((int*)(&pthread_create))[argc];
#else
  (void)argc;
  return 0;
#endif
}

Determining if the function pthread_create exists in the pthreads failed with the following output:
Change Dir: /home/danilov/Code/C++/mergesort-opengl/cmake-build-debug/CMakeFiles/CMakeTmp

Run Build Command:"/usr/bin/make" "cmTC_0b6e7/fast"
/usr/bin/make -f CMakeFiles/cmTC_0b6e7.dir/build.make CMakeFiles/cmTC_0b6e7.dir/build
make[1]: Entering directory '/home/danilov/Code/C++/mergesort-opengl/cmake-build-debug/CMakeFiles/CMakeTmp'
Building C object CMakeFiles/cmTC_0b6e7.dir/CheckFunctionExists.c.o
/usr/bin/cc    -DCHECK_FUNCTION_EXISTS=pthread_create   -o CMakeFiles/cmTC_0b6e7.dir/CheckFunctionExists.c.o   -c /opt/clion/bin/cmake/share/cmake-3.6/Modules/CheckFunctionExists.c
Linking C executable cmTC_0b6e7
/opt/clion/bin/cmake/bin/cmake -E cmake_link_script CMakeFiles/cmTC_0b6e7.dir/link.txt --verbose=1
/usr/bin/cc   -DCHECK_FUNCTION_EXISTS=pthread_create    CMakeFiles/cmTC_0b6e7.dir/CheckFunctionExists.c.o  -o cmTC_0b6e7 -lpthreads 
/usr/bin/ld: cannot find -lpthreads
collect2: error: ld returned 1 exit status
CMakeFiles/cmTC_0b6e7.dir/build.make:97: recipe for target 'cmTC_0b6e7' failed
make[1]: *** [cmTC_0b6e7] Error 1
make[1]: Leaving directory '/home/danilov/Code/C++/mergesort-opengl/cmake-build-debug/CMakeFiles/CMakeTmp'
Makefile:126: recipe for target 'cmTC_0b6e7/fast' failed
make: *** [cmTC_0b6e7/fast] Error 2


